mktextfm pcrr7t
mktextfm pcrr7t
mktextfm pcrb7t
mktextfm nullfont
mktextfm pcrro7t
mktextfm nullfont
mktextfm pcrro8c
mktextfm nullfont
mktextfm pcrr8c
mktextfm pcrr7t
mktextfm pcrr7t
mktextfm pcrb7t
mktextfm nullfont
mktextfm pcrro7t
mktextfm nullfont
mktextfm pcrro8c
mktextfm nullfont
mktextfm pcrr8c
mktextfm pcrr7t
mktextfm pcrr7t
mktextfm pcrb7t
mktextfm nullfont
mktextfm pcrro7t
mktextfm nullfont
mktextfm pcrro8c
mktextfm nullfont
mktextfm pcrr8c
mktextfm pcrr7t
mktextfm pcrr7t
mktextfm pcrb7t
mktextfm nullfont
mktextfm pcrro7t
mktextfm nullfont
mktextfm pcrro8c
mktextfm nullfont
mktextfm pcrr8c
mktextfm pcrr7t
mktextfm pcrr7t
mktextfm pcrb7t
mktextfm nullfont
mktextfm pcrr8c
mktextfm pcrro7t
mktextfm nullfont
mktextfm pcrr7t
mktextfm pcrr7t
mktextfm pcrb7t
mktextfm nullfont
mktextfm pcrro7t
mktextfm nullfont
mktextfm pcrro8c
mktextfm nullfont
mktextfm pcrr8c
mktextfm pcrr7t
mktextfm pcrr7t
mktextfm pcrb7t
mktextfm nullfont
mktextfm pcrr8c
mktextfm pcrro7t
mktextfm nullfont
mktextfm pcrr7t
mktextfm pcrr7t
mktextfm pcrr8c
mktextfm pcrr7t
mktextfm pcrr7t
mktextfm pcrb7t
mktextfm nullfont
mktextfm pcrr8c
mktextfm pcrro7t
mktextfm nullfont
mktextfm pcrr7t
mktextfm pcrr7t
mktextfm pcrb7t
mktextfm nullfont
mktextfm pcrro7t
mktextfm nullfont
mktextfm pcrro8c
mktextfm nullfont
mktextfm pcrr8c
mktextfm pcrr7t
mktextfm pcrr7t
mktextfm pcrb7t
mktextfm nullfont
mktextfm pcrro7t
mktextfm nullfont
mktextfm pcrro8c
mktextfm nullfont
mktextfm pcrr8c
mktextfm pcrr7t
mktextfm pcrr7t
mktextfm pcrb7t
mktextfm nullfont
mktextfm pcrro7t
mktextfm nullfont
mktextfm pcrro8c
mktextfm nullfont
mktextfm pcrr8c
mktextfm pcrr7t
mktextfm pcrr7t
mktextfm pcrb7t
mktextfm nullfont
mktextfm pcrro7t
mktextfm nullfont
mktextfm pcrro8c
mktextfm nullfont
mktextfm pcrr8c
mktextfm pcrr7t
mktextfm pcrr7t
mktextfm pcrb7t
mktextfm nullfont
mktextfm pcrr8c
mktextfm pcrro7t
mktextfm nullfont
mktextfm pcrr7t
mktextfm pcrr7t
mktextfm pcrb7t
mktextfm nullfont
mktextfm pcrr8c
mktextfm pcrro7t
mktextfm nullfont
mktextfm pcrr7t
mktextfm pcrr7t
mktextfm pcrr8c
mktextfm pcrr7t
mktextfm pcrr7t
mktextfm pcrr8c
mktextfm pcrr7t
mktextfm pcrr7t
mktextfm pcrr8c
mktextfm pcrr7t
mktextfm pcrr7t
mktextfm pcrr8c
mktextfm pcrr7t
mktextfm pcrr7t
mktextfm pcrr8c
